ERROR 2023-04-18 11:33:27,943: Could not find Motherboard
ERROR 2023-04-18 11:33:28,076: Could not find Laser Driver
ERROR 2023-04-18 11:33:28,200: Could not find TEC Driver
INFO 2023-04-18 11:33:28,278: Started Program
INFO 2023-04-18 11:33:32,030: Program closed
ERROR 2023-04-18 11:44:02,754: Could not find Motherboard
ERROR 2023-04-18 11:44:02,882: Could not find Laser Driver
ERROR 2023-04-18 11:44:03,012: Could not find TEC Driver
INFO 2023-04-18 11:44:03,095: Started Program
INFO 2023-04-18 11:44:08,113: Program closed
ERROR 2023-04-18 11:44:16,115: Could not find Motherboard
ERROR 2023-04-18 11:44:16,240: Could not find Laser Driver
ERROR 2023-04-18 11:44:16,366: Could not find TEC Driver
INFO 2023-04-18 11:44:16,444: Started Program
INFO 2023-04-18 11:44:18,178: Program closed
ERROR 2023-04-18 12:01:11,075: Could not find Motherboard
ERROR 2023-04-18 12:01:11,199: Could not find Laser Driver
ERROR 2023-04-18 12:01:11,324: Could not find TEC Driver
INFO 2023-04-18 12:01:11,406: Started Program
INFO 2023-04-18 12:01:13,767: Program closed
ERROR 2023-04-18 12:01:35,181: Could not find Motherboard
ERROR 2023-04-18 12:01:35,308: Could not find Laser Driver
ERROR 2023-04-18 12:01:35,434: Could not find TEC Driver
INFO 2023-04-18 12:01:35,514: Started Program
INFO 2023-04-18 12:01:38,195: Program closed
ERROR 2023-04-18 15:48:26,816: Could not find Motherboard
ERROR 2023-04-18 15:48:26,941: Could not find Laser Driver
ERROR 2023-04-18 15:48:27,067: Could not find TEC Driver
INFO 2023-04-18 15:48:27,148: Started Program
INFO 2023-04-18 15:49:01,464: Program closed
ERROR 2023-04-18 15:49:09,403: Could not find Motherboard
ERROR 2023-04-18 15:49:09,528: Could not find Laser Driver
ERROR 2023-04-18 15:49:09,652: Could not find TEC Driver
INFO 2023-04-18 15:49:09,722: Started Program
INFO 2023-04-18 15:49:16,153: Program closed
ERROR 2023-04-18 15:55:35,191: Could not find Motherboard
ERROR 2023-04-18 15:55:35,316: Could not find Laser Driver
ERROR 2023-04-18 15:55:35,442: Could not find TEC Driver
INFO 2023-04-18 15:55:35,525: Started Program
ERROR 2023-04-18 15:56:28,553: Could not find Motherboard
ERROR 2023-04-18 15:56:28,677: Could not find Laser Driver
ERROR 2023-04-18 15:56:28,803: Could not find TEC Driver
INFO 2023-04-18 15:56:28,878: Started Program
INFO 2023-04-18 15:56:30,853: Program closed
ERROR 2023-04-18 16:06:52,013: Could not find Motherboard
ERROR 2023-04-18 16:06:52,139: Could not find Laser Driver
ERROR 2023-04-18 16:06:52,265: Could not find TEC Driver
INFO 2023-04-18 16:06:52,344: Started Program
INFO 2023-04-18 16:06:56,079: Program closed
ERROR 2023-04-18 16:08:48,980: Could not find Motherboard
ERROR 2023-04-18 16:08:49,105: Could not find Laser Driver
ERROR 2023-04-18 16:08:49,234: Could not find TEC Driver
INFO 2023-04-18 16:08:49,313: Started Program
INFO 2023-04-18 16:08:51,266: Program closed
