INFO 2022-11-28 22:53:58,421: Started Program
INFO 2022-11-28 22:54:06,535: Program closed
INFO 2022-11-28 22:54:47,197: Started Program
INFO 2022-11-28 22:54:49,965: Program closed
INFO 2022-11-28 22:55:25,361: Started Program
INFO 2022-11-28 22:56:40,688: Started Program
INFO 2022-11-28 22:56:42,948: Program closed
INFO 2022-11-28 22:57:32,013: Started Program
INFO 2022-11-28 22:57:34,883: Program closed
INFO 2022-11-28 22:58:27,753: Started Program
INFO 2022-11-28 22:58:30,909: Program closed
INFO 2022-11-28 22:59:34,140: Started Program
INFO 2022-11-28 22:59:39,392: Program closed
INFO 2022-11-28 22:59:45,246: Started Program
INFO 2022-11-28 22:59:47,636: Program closed
INFO 2022-11-28 23:01:02,499: Started Program
INFO 2022-11-28 23:01:07,440: Program closed
INFO 2022-11-28 23:02:35,886: Started Program
INFO 2022-11-28 23:02:37,835: Program closed
INFO 2022-11-28 23:03:42,223: Started Program
INFO 2022-11-28 23:03:44,539: Program closed
INFO 2022-11-28 23:04:02,457: Started Program
INFO 2022-11-28 23:04:08,004: Program closed
INFO 2022-11-28 23:04:11,000: Started Program
INFO 2022-11-28 23:04:15,380: Program closed
INFO 2022-11-28 23:04:22,110: Started Program
INFO 2022-11-28 23:04:28,166: Program closed
INFO 2022-11-28 23:07:21,516: Started Program
INFO 2022-11-28 23:07:29,251: Program closed
INFO 2022-11-28 23:07:55,834: Started Program
INFO 2022-11-28 23:08:23,205: Program closed
INFO 2022-11-28 23:08:44,017: Started Program
INFO 2022-11-28 23:08:45,507: Program closed
INFO 2022-11-28 23:09:43,946: Started Program
INFO 2022-11-28 23:09:46,738: Program closed
INFO 2022-11-28 23:10:11,253: Started Program
INFO 2022-11-28 23:10:12,575: Program closed
INFO 2022-11-28 23:10:18,404: Started Program
INFO 2022-11-28 23:10:19,724: Program closed
INFO 2022-11-28 23:10:24,432: Started Program
INFO 2022-11-28 23:10:25,788: Program closed
INFO 2022-11-28 23:10:39,832: Started Program
INFO 2022-11-28 23:10:41,349: Program closed
INFO 2022-11-28 23:10:59,377: Started Program
INFO 2022-11-28 23:11:03,583: Program closed
INFO 2022-11-28 23:11:17,905: Started Program
INFO 2022-11-28 23:11:19,601: Program closed
INFO 2022-11-28 23:11:59,016: Started Program
INFO 2022-11-28 23:12:00,444: Program closed
INFO 2022-11-28 23:12:43,153: Started Program
INFO 2022-11-28 23:12:44,390: Program closed
INFO 2022-11-28 23:12:53,418: Started Program
INFO 2022-11-28 23:12:55,011: Program closed
INFO 2022-11-28 23:13:00,396: Started Program
INFO 2022-11-28 23:13:01,793: Program closed
INFO 2022-11-28 23:13:16,452: Started Program
INFO 2022-11-28 23:13:17,937: Program closed
INFO 2022-11-28 23:13:24,377: Started Program
INFO 2022-11-28 23:13:25,748: Program closed
INFO 2022-11-28 23:13:30,869: Started Program
INFO 2022-11-28 23:13:32,112: Program closed
INFO 2022-11-28 23:13:37,032: Started Program
INFO 2022-11-28 23:13:38,676: Program closed
INFO 2022-11-28 23:13:48,834: Started Program
INFO 2022-11-28 23:13:50,199: Program closed
INFO 2022-11-28 23:13:55,892: Started Program
INFO 2022-11-28 23:13:57,562: Program closed
INFO 2022-11-28 23:14:01,857: Started Program
INFO 2022-11-28 23:14:02,986: Program closed
INFO 2022-11-28 23:14:08,729: Started Program
INFO 2022-11-28 23:14:10,401: Program closed
INFO 2022-11-28 23:14:56,769: Started Program
INFO 2022-11-28 23:15:00,231: Program closed
INFO 2022-11-28 23:15:51,604: Started Program
INFO 2022-11-28 23:15:57,132: Program closed
INFO 2022-11-28 23:17:03,345: Started Program
INFO 2022-11-28 23:17:04,817: Program closed
INFO 2022-11-28 23:17:35,635: Started Program
INFO 2022-11-28 23:17:39,499: Program closed
INFO 2022-12-19 21:05:09,526: Started Program
INFO 2022-12-19 21:06:09,304: Started Program
INFO 2022-12-19 21:14:58,696: Program closed
INFO 2023-01-02 16:06:50,793: Started Program
INFO 2023-01-02 16:07:07,261: Program closed
INFO 2023-01-02 16:08:01,690: Started Program
INFO 2023-01-02 16:08:03,835: Program closed
INFO 2023-01-02 16:08:11,299: Started Program
INFO 2023-01-02 16:08:15,927: Program closed
INFO 2023-01-02 16:08:37,801: Started Program
INFO 2023-01-02 16:08:47,342: Stopped running.
INFO 2023-01-02 16:08:49,181: Stopped running.
INFO 2023-01-02 16:08:49,974: Stopped running.
INFO 2023-01-02 16:08:50,381: Stopped running.
INFO 2023-01-02 16:08:56,280: Program closed
INFO 2023-01-02 16:09:54,714: Started Program
INFO 2023-01-02 16:10:01,212: Program closed
INFO 2023-01-02 16:10:18,477: Started Program
INFO 2023-01-02 16:11:13,486: Program closed
INFO 2023-01-02 16:14:59,300: Started Program
INFO 2023-01-02 16:15:19,635: Program closed
INFO 2023-01-02 16:15:50,703: Started Program
INFO 2023-01-02 16:16:05,027: Program closed
INFO 2023-01-02 16:16:17,540: Started Program
INFO 2023-01-02 16:16:23,714: Program closed
INFO 2023-01-02 16:18:32,847: Started Program
INFO 2023-01-02 16:19:20,900: Started Program
INFO 2023-01-02 16:19:27,719: Program closed
INFO 2023-01-02 16:19:31,971: Started Program
INFO 2023-01-02 16:19:48,764: Program closed
INFO 2023-01-02 16:19:54,118: Started Program
INFO 2023-01-02 16:20:04,165: Program closed
INFO 2023-01-02 16:20:12,384: Started Program
INFO 2023-01-02 16:20:18,516: Program closed
INFO 2023-01-02 16:20:24,272: Started Program
INFO 2023-01-02 16:20:30,902: Program closed
INFO 2023-01-02 16:20:33,320: Started Program
INFO 2023-01-02 16:20:57,383: Started Program
INFO 2023-01-02 16:21:14,536: Program closed
INFO 2023-01-02 16:21:37,333: Started Program
INFO 2023-01-02 16:21:43,060: Program closed
INFO 2023-01-02 16:22:14,097: Started Program
INFO 2023-01-02 16:22:26,576: Program closed
INFO 2023-01-02 16:22:43,281: Started Program
INFO 2023-01-02 16:22:44,944: Program closed
INFO 2023-01-02 16:23:12,792: Started Program
INFO 2023-01-02 16:23:23,511: Program closed
INFO 2023-01-02 16:40:17,602: Started Program
INFO 2023-01-02 16:43:30,271: Started Program
INFO 2023-01-02 16:43:45,338: Program closed
INFO 2023-01-02 16:47:05,755: Started Program
ERROR 2023-01-02 16:47:11,803: Could not load settings. Exception was "Error tokenizing data. C error: Expected 1 fields in line 5, saw 2
".
INFO 2023-01-02 16:47:23,917: Program closed
INFO 2023-01-02 16:50:07,889: Started Program
INFO 2023-01-02 16:50:08,826: Program closed
INFO 2023-01-02 16:50:52,054: Started Program
INFO 2023-01-02 16:50:53,091: Program closed
INFO 2023-01-02 16:51:00,897: Started Program
INFO 2023-01-02 16:51:01,949: Program closed
INFO 2023-01-02 16:51:19,595: Started Program
INFO 2023-01-02 16:52:34,061: Started Program
INFO 2023-01-02 16:52:35,255: Program closed
INFO 2023-01-02 16:53:36,678: Started Program
INFO 2023-01-02 16:53:39,564: Program closed
INFO 2023-01-02 16:53:42,338: Started Program
INFO 2023-01-02 16:53:49,815: Program closed
INFO 2023-01-02 16:53:56,907: Started Program
INFO 2023-01-02 16:54:00,228: Program closed
INFO 2023-01-02 16:54:35,331: Started Program
INFO 2023-01-02 16:54:37,182: Program closed
INFO 2023-01-02 16:54:44,884: Started Program
INFO 2023-01-02 16:54:46,452: Program closed
INFO 2023-01-02 16:56:01,566: Started Program
INFO 2023-01-02 16:56:03,448: Program closed
INFO 2023-01-02 16:56:19,169: Started Program
INFO 2023-01-02 16:56:21,156: Program closed
INFO 2023-01-02 16:56:51,480: Started Program
INFO 2023-01-02 16:56:53,456: Program closed
INFO 2023-01-02 16:57:44,096: Started Program
INFO 2023-01-02 16:57:45,570: Program closed
INFO 2023-01-02 16:57:55,720: Started Program
INFO 2023-01-02 16:57:57,646: Started Program
INFO 2023-01-02 16:58:00,511: Program closed
INFO 2023-01-02 16:58:26,429: Started Program
INFO 2023-01-02 16:58:28,421: Program closed
INFO 2023-01-02 16:58:41,651: Started Program
INFO 2023-01-02 16:58:43,821: Program closed
INFO 2023-01-02 16:59:31,523: Started Program
INFO 2023-01-02 16:59:35,943: Program closed
INFO 2023-01-02 17:00:18,716: Started Program
INFO 2023-01-02 17:00:32,015: Program closed
INFO 2023-01-02 17:01:09,287: Started Program
INFO 2023-01-02 17:01:12,675: Program closed
INFO 2023-01-02 17:01:19,977: Started Program
INFO 2023-01-02 17:01:25,514: Program closed
INFO 2023-01-02 17:01:33,960: Started Program
INFO 2023-01-02 17:01:36,078: Program closed
INFO 2023-01-02 17:03:06,668: Started Program
INFO 2023-01-02 17:14:35,498: Started Program
INFO 2023-01-02 17:14:45,908: Program closed
INFO 2023-01-02 17:14:48,272: Started Program
INFO 2023-01-02 17:15:53,793: Program closed
